info A dev server is already running for this project on port 8081.
info Installing the app...
> Task :gradle-plugin:settings-plugin:checkKotlinGradlePluginConfigurationErrors SKIPPED
> Task :gradle-plugin:shared:checkKotlinGradlePluginConfigurationErrors SKIPPED
> Task :gradle-plugin:shared:compileKotlin UP-TO-DATE
> Task :gradle-plugin:shared:compileJava NO-SOURCE
> Task :gradle-plugin:shared:processResources NO-SOURCE
> Task :gradle-plugin:shared:classes UP-TO-DATE
> Task :gradle-plugin:shared:jar UP-TO-DATE
> Task :gradle-plugin:settings-plugin:compileKotlin UP-TO-DATE
> Task :gradle-plugin:settings-plugin:compileJava NO-SOURCE
> Task :gradle-plugin:settings-plugin:pluginDescriptors UP-TO-DATE
> Task :gradle-plugin:settings-plugin:processResources UP-TO-DATE
> Task :gradle-plugin:settings-plugin:classes UP-TO-DATE
> Task :gradle-plugin:settings-plugin:jar UP-TO-DATE
> Task :gradle-plugin:react-native-gradle-plugin:checkKotlinGradlePluginConfigurationErrors SKIPPED
> Task :gradle-plugin:react-native-gradle-plugin:compileKotlin UP-TO-DATE
> Task :gradle-plugin:react-native-gradle-plugin:compileJava NO-SOURCE
> Task :gradle-plugin:react-native-gradle-plugin:pluginDescriptors UP-TO-DATE
> Task :gradle-plugin:react-native-gradle-plugin:processResources UP-TO-DATE
> Task :gradle-plugin:react-native-gradle-plugin:classes UP-TO-DATE
> Task :gradle-plugin:react-native-gradle-plugin:jar UP-TO-DATE

> Configure project :react-native-video
Kotlin version is correct: 2.1.20
AndroidX version is correct: 1.9.3
useExoplayerIMA: false
useExoplayerSmoothStreaming: true
useExoplayerDash: true
useExoplayerHls: true
useExoplayerRtsp: false
buildFromSource: false

> Task :app:checkKotlinGradlePluginConfigurationErrors SKIPPED
> Task :app:generateAutolinkingNewArchitectureFiles
> Task :app:generateAutolinkingPackageList
> Task :app:generateCodegenSchemaFromJavaScript SKIPPED
> Task :app:generateCodegenArtifactsFromSchema SKIPPED
> Task :app:generateReactNativeEntryPoint
> Task :react-native-async-storage_async-storage:generateCodegenSchemaFromJavaScript
> Task :react-native-async-storage_async-storage:generateCodegenArtifactsFromSchema
> Task :react-native-async-storage_async-storage:preBuild
> Task :react-native-gesture-handler:generateCodegenSchemaFromJavaScript
> Task :react-native-gesture-handler:generateCodegenArtifactsFromSchema
> Task :react-native-gesture-handler:preBuild
> Task :react-native-linear-gradient:preBuild UP-TO-DATE
> Task :react-native-safe-area-context:generateCodegenSchemaFromJavaScript
> Task :react-native-safe-area-context:generateCodegenArtifactsFromSchema
> Task :react-native-safe-area-context:preBuild
> Task :react-native-screens:generateCodegenSchemaFromJavaScript
> Task :react-native-screens:generateCodegenArtifactsFromSchema
> Task :react-native-screens:preBuild
> Task :react-native-vector-icons:generateCodegenSchemaFromJavaScript
> Task :react-native-vector-icons:generateCodegenArtifactsFromSchema
> Task :react-native-vector-icons:preBuild
> Task :react-native-video:preBuild UP-TO-DATE
> Task :app:preBuild
> Task :app:preDebugBuild
> Task :app:generateDebugBuildConfig
> Task :react-native-async-storage_async-storage:preDebugBuild
> Task :react-native-gesture-handler:preDebugBuild
> Task :react-native-linear-gradient:preDebugBuild UP-TO-DATE
> Task :react-native-gesture-handler:writeDebugAarMetadata
> Task :react-native-async-storage_async-storage:writeDebugAarMetadata
> Task :react-native-safe-area-context:preDebugBuild
> Task :react-native-screens:preDebugBuild
> Task :react-native-linear-gradient:writeDebugAarMetadata
> Task :react-native-safe-area-context:writeDebugAarMetadata
> Task :react-native-vector-icons:preDebugBuild
> Task :react-native-screens:writeDebugAarMetadata
> Task :react-native-video:preDebugBuild UP-TO-DATE
> Task :react-native-vector-icons:writeDebugAarMetadata
> Task :react-native-video:writeDebugAarMetadata
> Task :app:generateDebugResValues
> Task :react-native-async-storage_async-storage:generateDebugResValues
> Task :react-native-async-storage_async-storage:generateDebugResources
> Task :app:checkDebugAarMetadata
> Task :react-native-async-storage_async-storage:packageDebugResources
> Task :react-native-gesture-handler:generateDebugResValues
> Task :react-native-gesture-handler:generateDebugResources
> Task :react-native-gesture-handler:packageDebugResources
> Task :react-native-linear-gradient:generateDebugResValues
> Task :react-native-linear-gradient:generateDebugResources
> Task :react-native-linear-gradient:packageDebugResources
> Task :react-native-safe-area-context:generateDebugResValues
> Task :react-native-safe-area-context:generateDebugResources
> Task :react-native-safe-area-context:packageDebugResources
> Task :react-native-screens:generateDebugResValues
> Task :react-native-screens:generateDebugResources
> Task :react-native-screens:packageDebugResources
> Task :react-native-vector-icons:generateDebugResValues
> Task :react-native-vector-icons:generateDebugResources
> Task :react-native-vector-icons:packageDebugResources
> Task :react-native-video:generateDebugResValues
> Task :react-native-video:generateDebugResources
> Task :react-native-video:packageDebugResources
> Task :app:mapDebugSourceSetPaths
> Task :app:generateDebugResources
> Task :app:packageDebugResources
> Task :app:createDebugCompatibleScreenManifests
> Task :app:extractDeepLinksDebug
> Task :react-native-async-storage_async-storage:extractDeepLinksDebug
> Task :app:parseDebugLocalResources
> Task :react-native-gesture-handler:extractDeepLinksDebug
> Task :react-native-linear-gradient:extractDeepLinksDebug
> Task :react-native-safe-area-context:extractDeepLinksDebug

> Task :react-native-async-storage_async-storage:processDebugManifest
package="com.reactnativecommunity.asyncstorage" found in source AndroidManifest.xml: /Users/moussa/Documents/NeoStream/node_modules/@react-native-async-storage/async-storage/android/src/main/AndroidManifest.xml.
Setting the namespace via the package attribute in the source AndroidManifest.xml is no longer supported, and the value is ignored.
Recommendation: remove package="com.reactnativecommunity.asyncstorage" from the source AndroidManifest.xml: /Users/moussa/Documents/NeoStream/node_modules/@react-native-async-storage/async-storage/android/src/main/AndroidManifest.xml.

> Task :react-native-gesture-handler:processDebugManifest

> Task :react-native-linear-gradient:processDebugManifest
package="com.BV.LinearGradient" found in source AndroidManifest.xml: /Users/moussa/Documents/NeoStream/node_modules/react-native-linear-gradient/android/src/main/AndroidManifest.xml.
Setting the namespace via the package attribute in the source AndroidManifest.xml is no longer supported, and the value is ignored.
Recommendation: remove package="com.BV.LinearGradient" from the source AndroidManifest.xml: /Users/moussa/Documents/NeoStream/node_modules/react-native-linear-gradient/android/src/main/AndroidManifest.xml.

> Task :react-native-safe-area-context:processDebugManifest
package="com.th3rdwave.safeareacontext" found in source AndroidManifest.xml: /Users/moussa/Documents/NeoStream/node_modules/react-native-safe-area-context/android/src/main/AndroidManifest.xml.
Setting the namespace via the package attribute in the source AndroidManifest.xml is no longer supported, and the value is ignored.
Recommendation: remove package="com.th3rdwave.safeareacontext" from the source AndroidManifest.xml: /Users/moussa/Documents/NeoStream/node_modules/react-native-safe-area-context/android/src/main/AndroidManifest.xml.

> Task :react-native-screens:extractDeepLinksDebug
> Task :react-native-screens:processDebugManifest
> Task :react-native-vector-icons:extractDeepLinksDebug
> Task :react-native-video:extractDeepLinksDebug

> Task :react-native-vector-icons:processDebugManifest
package="com.oblador.vectoricons" found in source AndroidManifest.xml: /Users/moussa/Documents/NeoStream/node_modules/react-native-vector-icons/android/src/main/AndroidManifest.xml.
Setting the namespace via the package attribute in the source AndroidManifest.xml is no longer supported, and the value is ignored.
Recommendation: remove package="com.oblador.vectoricons" from the source AndroidManifest.xml: /Users/moussa/Documents/NeoStream/node_modules/react-native-vector-icons/android/src/main/AndroidManifest.xml.

> Task :react-native-video:processDebugManifest
> Task :react-native-async-storage_async-storage:compileDebugLibraryResources
> Task :app:processDebugMainManifest
> Task :app:processDebugManifest
> Task :react-native-async-storage_async-storage:parseDebugLocalResources
> Task :react-native-gesture-handler:compileDebugLibraryResources
> Task :app:mergeDebugResources
> Task :react-native-async-storage_async-storage:generateDebugRFile
> Task :react-native-gesture-handler:parseDebugLocalResources
> Task :app:processDebugManifestForPackage
> Task :react-native-linear-gradient:compileDebugLibraryResources
> Task :react-native-linear-gradient:parseDebugLocalResources
> Task :react-native-gesture-handler:generateDebugRFile
> Task :react-native-safe-area-context:compileDebugLibraryResources
> Task :react-native-safe-area-context:parseDebugLocalResources
> Task :react-native-linear-gradient:generateDebugRFile
> Task :react-native-vector-icons:compileDebugLibraryResources
> Task :react-native-safe-area-context:generateDebugRFile
> Task :react-native-screens:compileDebugLibraryResources
> Task :react-native-screens:parseDebugLocalResources
> Task :react-native-async-storage_async-storage:generateDebugBuildConfig
> Task :react-native-vector-icons:parseDebugLocalResources
> Task :react-native-video:compileDebugLibraryResources
> Task :react-native-video:parseDebugLocalResources
> Task :react-native-screens:generateDebugRFile
> Task :react-native-async-storage_async-storage:javaPreCompileDebug
> Task :react-native-vector-icons:generateDebugRFile
> Task :react-native-video:generateDebugRFile

> Task :react-native-async-storage_async-storage:compileDebugJavaWithJavac

> Task :react-native-gesture-handler:checkKotlinGradlePluginConfigurationErrors SKIPPED
> Task :react-native-gesture-handler:generateDebugBuildConfig
> Task :react-native-async-storage_async-storage:bundleLibCompileToJarDebug
> Task :react-native-gesture-handler:javaPreCompileDebug
> Task :react-native-linear-gradient:generateDebugBuildConfig
> Task :react-native-safe-area-context:checkKotlinGradlePluginConfigurationErrors SKIPPED
> Task :react-native-linear-gradient:javaPreCompileDebug
> Task :react-native-safe-area-context:generateDebugBuildConfig

> Task :react-native-linear-gradient:compileDebugJavaWithJavac

> Task :react-native-linear-gradient:bundleLibCompileToJarDebug
> Task :react-native-screens:checkKotlinGradlePluginConfigurationErrors SKIPPED
> Task :react-native-safe-area-context:javaPreCompileDebug
> Task :react-native-screens:generateDebugBuildConfig
> Task :react-native-screens:javaPreCompileDebug
> Task :react-native-vector-icons:generateDebugBuildConfig
> Task :react-native-video:checkKotlinGradlePluginConfigurationErrors SKIPPED
> Task :react-native-vector-icons:javaPreCompileDebug
> Task :react-native-video:generateDebugBuildConfig

> Task :react-native-vector-icons:compileDebugJavaWithJavac

> Task :react-native-vector-icons:bundleLibCompileToJarDebug
> Task :react-native-video:javaPreCompileDebug
> Task :app:javaPreCompileDebug
> Task :app:mergeDebugShaders
> Task :app:compileDebugShaders NO-SOURCE
> Task :app:generateDebugAssets UP-TO-DATE
> Task :react-native-async-storage_async-storage:mergeDebugShaders
> Task :react-native-async-storage_async-storage:compileDebugShaders NO-SOURCE
> Task :react-native-async-storage_async-storage:generateDebugAssets UP-TO-DATE
> Task :react-native-async-storage_async-storage:mergeDebugAssets
> Task :react-native-gesture-handler:mergeDebugShaders
> Task :react-native-gesture-handler:compileDebugShaders NO-SOURCE
> Task :react-native-gesture-handler:generateDebugAssets UP-TO-DATE
> Task :react-native-gesture-handler:mergeDebugAssets
> Task :react-native-linear-gradient:mergeDebugShaders
> Task :react-native-linear-gradient:compileDebugShaders NO-SOURCE
> Task :react-native-linear-gradient:generateDebugAssets UP-TO-DATE
> Task :react-native-linear-gradient:mergeDebugAssets
> Task :react-native-safe-area-context:mergeDebugShaders
> Task :react-native-safe-area-context:compileDebugShaders NO-SOURCE
> Task :react-native-safe-area-context:generateDebugAssets UP-TO-DATE
> Task :react-native-safe-area-context:mergeDebugAssets
> Task :react-native-screens:mergeDebugShaders
> Task :react-native-screens:compileDebugShaders NO-SOURCE
> Task :react-native-screens:generateDebugAssets UP-TO-DATE
> Task :react-native-screens:mergeDebugAssets
> Task :react-native-vector-icons:mergeDebugShaders
> Task :react-native-vector-icons:compileDebugShaders NO-SOURCE
> Task :react-native-vector-icons:generateDebugAssets UP-TO-DATE
> Task :react-native-vector-icons:mergeDebugAssets
> Task :react-native-video:mergeDebugShaders
> Task :react-native-video:compileDebugShaders NO-SOURCE
> Task :react-native-video:generateDebugAssets UP-TO-DATE
> Task :react-native-video:mergeDebugAssets
> Task :app:mergeDebugAssets
> Task :app:compressDebugAssets
> Task :react-native-async-storage_async-storage:bundleLibRuntimeToJarDebug
> Task :react-native-vector-icons:bundleLibRuntimeToJarDebug
> Task :react-native-linear-gradient:bundleLibRuntimeToJarDebug
> Task :app:desugarDebugFileDependencies
> Task :react-native-async-storage_async-storage:processDebugJavaRes NO-SOURCE
> Task :react-native-linear-gradient:processDebugJavaRes NO-SOURCE
> Task :react-native-vector-icons:processDebugJavaRes NO-SOURCE
> Task :react-native-async-storage_async-storage:bundleLibRuntimeToDirDebug
> Task :react-native-linear-gradient:bundleLibRuntimeToDirDebug
> Task :react-native-vector-icons:bundleLibRuntimeToDirDebug
> Task :app:checkDebugDuplicateClasses
> Task :app:processDebugResources
> Task :app:configureCMakeDebug[arm64-v8a]
> Task :app:mergeExtDexDebug

> Task :react-native-safe-area-context:compileDebugKotlin
w: file:///Users/moussa/Documents/NeoStream/node_modules/react-native-safe-area-context/android/src/main/java/com/th3rdwave/safeareacontext/SafeAreaView.kt:9:8 'class UIManagerModule : ReactContextBaseJavaModule, OnBatchCompleteListener, LifecycleEventListener, UIManager' is deprecated. Deprecated in Java.
w: file:///Users/moussa/Documents/NeoStream/node_modules/react-native-safe-area-context/android/src/main/java/com/th3rdwave/safeareacontext/SafeAreaView.kt:50:54 'class UIManagerModule : ReactContextBaseJavaModule, OnBatchCompleteListener, LifecycleEventListener, UIManager' is deprecated. Deprecated in Java.
w: file:///Users/moussa/Documents/NeoStream/node_modules/react-native-safe-area-context/android/src/main/java/com/th3rdwave/safeareacontext/SafeAreaView.kt:59:23 'val uiImplementation: UIImplementation!' is deprecated. Deprecated in Java.
w: file:///Users/moussa/Documents/NeoStream/node_modules/react-native-safe-area-context/android/src/main/java/com/th3rdwave/safeareacontext/SafeAreaViewShadowNode.kt:9:32 'class LayoutShadowNode : ReactShadowNodeImpl' is deprecated. Deprecated in Java.
w: file:///Users/moussa/Documents/NeoStream/node_modules/react-native-safe-area-context/android/src/main/java/com/th3rdwave/safeareacontext/SafeAreaViewShadowNode.kt:110:61 'class NativeViewHierarchyOptimizer : Any' is deprecated. Deprecated in Java.

> Task :react-native-video:compileDebugKotlin
w: file:///Users/moussa/Documents/NeoStream/node_modules/react-native-video/android/src/main/java/com/brentvatne/exoplayer/DataSourceUtil.kt:64:23 'constructor(reactContext: ReactContext): ForwardingCookieHandler' is deprecated. Use the default constructor.
w: file:///Users/moussa/Documents/NeoStream/node_modules/react-native-video/android/src/main/java/com/brentvatne/exoplayer/ExoPlayerView.kt:49:9 'fun setUseArtwork(p0: Boolean): Unit' is deprecated. Deprecated in Java.
w: file:///Users/moussa/Documents/NeoStream/node_modules/react-native-video/android/src/main/java/com/brentvatne/react/ReactVideoPackage.kt:14:18 This declaration overrides a deprecated member but is not marked as deprecated itself. Add the '@Deprecated' annotation or suppress the diagnostic.
w: file:///Users/moussa/Documents/NeoStream/node_modules/react-native-video/android/src/main/java/com/brentvatne/react/VideoManagerModule.kt:23:106 'val DEFAULT: Int' is deprecated. UIManagerType.DEFAULT will be deleted in the next release of React Native. Use [LEGACY] instead.

> Task :react-native-gesture-handler:compileDebugKotlin
w: file:///Users/moussa/Documents/NeoStream/node_modules/react-native-gesture-handler/android/src/main/java/com/swmansion/gesturehandler/react/Extensions.kt:7:8 'class UIManagerModule : ReactContextBaseJavaModule, OnBatchCompleteListener, LifecycleEventListener, UIManager' is deprecated. Deprecated in Java.
w: file:///Users/moussa/Documents/NeoStream/node_modules/react-native-gesture-handler/android/src/main/java/com/swmansion/gesturehandler/react/Extensions.kt:12:29 'class UIManagerModule : ReactContextBaseJavaModule, OnBatchCompleteListener, LifecycleEventListener, UIManager' is deprecated. Deprecated in Java.
w: file:///Users/moussa/Documents/NeoStream/node_modules/react-native-gesture-handler/android/src/main/java/com/swmansion/gesturehandler/react/Extensions.kt:13:32 'class UIManagerModule : ReactContextBaseJavaModule, OnBatchCompleteListener, LifecycleEventListener, UIManager' is deprecated. Deprecated in Java.
w: file:///Users/moussa/Documents/NeoStream/node_modules/react-native-gesture-handler/android/src/main/java/com/swmansion/gesturehandler/react/RNGestureHandlerRootView.kt:41:43 The corresponding parameter in the supertype 'ReactViewGroup' is named 'ev'. This may cause problems when calling this function with named arguments.

> Task :react-native-screens:compileDebugKotlin
w: file:///Users/moussa/Documents/NeoStream/node_modules/react-native-screens/android/src/main/java/com/swmansion/rnscreens/RNScreensPackage.kt:58:9 The corresponding parameter in the supertype 'BaseReactPackage' is named 'name'. This may cause problems when calling this function with named arguments.
w: file:///Users/moussa/Documents/NeoStream/node_modules/react-native-screens/android/src/main/java/com/swmansion/rnscreens/RNScreensPackage.kt:59:9 The corresponding parameter in the supertype 'BaseReactPackage' is named 'reactContext'. This may cause problems when calling this function with named arguments.
w: file:///Users/moussa/Documents/NeoStream/node_modules/react-native-screens/android/src/main/java/com/swmansion/rnscreens/RNScreensPackage.kt:72:17 'constructor(name: String, className: String, canOverrideExistingModule: Boolean, needsEagerInit: Boolean, hasConstants: Boolean, isCxxModule: Boolean, isTurboModule: Boolean): ReactModuleInfo' is deprecated. This constructor is deprecated and will be removed in the future. Use ReactModuleInfo(String, String, boolean, boolean, boolean, boolean)].
w: file:///Users/moussa/Documents/NeoStream/node_modules/react-native-screens/android/src/main/java/com/swmansion/rnscreens/Screen.kt:23:8 'class UIManagerModule : ReactContextBaseJavaModule, OnBatchCompleteListener, LifecycleEventListener, UIManager' is deprecated. Deprecated in Java.
w: file:///Users/moussa/Documents/NeoStream/node_modules/react-native-screens/android/src/main/java/com/swmansion/rnscreens/Screen.kt:49:77 Unchecked cast of '(CoordinatorLayout.Behavior<View!>?..CoordinatorLayout.Behavior<*>?)' to 'BottomSheetBehavior<Screen>'.
w: file:///Users/moussa/Documents/NeoStream/node_modules/react-native-screens/android/src/main/java/com/swmansion/rnscreens/Screen.kt:229:42 'class UIManagerModule : ReactContextBaseJavaModule, OnBatchCompleteListener, LifecycleEventListener, UIManager' is deprecated. Deprecated in Java.
w: file:///Users/moussa/Documents/NeoStream/node_modules/react-native-screens/android/src/main/java/com/swmansion/rnscreens/ScreenContainerViewManager.kt:6:8 'class LayoutShadowNode : ReactShadowNodeImpl' is deprecated. Deprecated in Java.
w: file:///Users/moussa/Documents/NeoStream/node_modules/react-native-screens/android/src/main/java/com/swmansion/rnscreens/ScreenContainerViewManager.kt:56:78 'class LayoutShadowNode : ReactShadowNodeImpl' is deprecated. Deprecated in Java.
w: file:///Users/moussa/Documents/NeoStream/node_modules/react-native-screens/android/src/main/java/com/swmansion/rnscreens/ScreenStackFragment.kt:218:31 'var targetElevation: Float' is deprecated. Deprecated in Java.
w: file:///Users/moussa/Documents/NeoStream/node_modules/react-native-screens/android/src/main/java/com/swmansion/rnscreens/ScreenStackFragment.kt:221:13 'fun setHasOptionsMenu(p0: Boolean): Unit' is deprecated. Deprecated in Java.
w: file:///Users/moussa/Documents/NeoStream/node_modules/react-native-screens/android/src/main/java/com/swmansion/rnscreens/ScreenStackFragment.kt:398:18 This declaration overrides a deprecated member but is not marked as deprecated itself. Add the '@Deprecated' annotation or suppress the diagnostic.
w: file:///Users/moussa/Documents/NeoStream/node_modules/react-native-screens/android/src/main/java/com/swmansion/rnscreens/ScreenStackFragment.kt:405:22 'fun onPrepareOptionsMenu(p0: Menu): Unit' is deprecated. Deprecated in Java.
w: file:///Users/moussa/Documents/NeoStream/node_modules/react-native-screens/android/src/main/java/com/swmansion/rnscreens/ScreenStackFragment.kt:408:18 This declaration overrides a deprecated member but is not marked as deprecated itself. Add the '@Deprecated' annotation or suppress the diagnostic.
w: file:///Users/moussa/Documents/NeoStream/node_modules/react-native-screens/android/src/main/java/com/swmansion/rnscreens/ScreenStackFragment.kt:413:22 'fun onCreateOptionsMenu(p0: Menu, p1: MenuInflater): Unit' is deprecated. Deprecated in Java.
w: file:///Users/moussa/Documents/NeoStream/node_modules/react-native-screens/android/src/main/java/com/swmansion/rnscreens/ScreenStackHeaderConfig.kt:428:18 'val reactNativeHost: ReactNativeHost' is deprecated. You should not use ReactNativeHost directly in the New Architecture. Use ReactHost instead.
w: file:///Users/moussa/Documents/NeoStream/node_modules/react-native-screens/android/src/main/java/com/swmansion/rnscreens/ScreenStackHeaderConfigShadowNode.kt:4:8 'class LayoutShadowNode : ReactShadowNodeImpl' is deprecated. Deprecated in Java.
w: file:///Users/moussa/Documents/NeoStream/node_modules/react-native-screens/android/src/main/java/com/swmansion/rnscreens/ScreenStackHeaderConfigShadowNode.kt:10:5 'class LayoutShadowNode : ReactShadowNodeImpl' is deprecated. Deprecated in Java.
w: file:///Users/moussa/Documents/NeoStream/node_modules/react-native-screens/android/src/main/java/com/swmansion/rnscreens/ScreenStackHeaderConfigViewManager.kt:9:8 'class LayoutShadowNode : ReactShadowNodeImpl' is deprecated. Deprecated in Java.
w: file:///Users/moussa/Documents/NeoStream/node_modules/react-native-screens/android/src/main/java/com/swmansion/rnscreens/ScreenStackHeaderConfigViewManager.kt:37:78 'class LayoutShadowNode : ReactShadowNodeImpl' is deprecated. Deprecated in Java.
w: file:///Users/moussa/Documents/NeoStream/node_modules/react-native-screens/android/src/main/java/com/swmansion/rnscreens/ScreenStackViewManager.kt:6:8 'class LayoutShadowNode : ReactShadowNodeImpl' is deprecated. Deprecated in Java.
w: file:///Users/moussa/Documents/NeoStream/node_modules/react-native-screens/android/src/main/java/com/swmansion/rnscreens/ScreenStackViewManager.kt:65:78 'class LayoutShadowNode : ReactShadowNodeImpl' is deprecated. Deprecated in Java.
w: file:///Users/moussa/Documents/NeoStream/node_modules/react-native-screens/android/src/main/java/com/swmansion/rnscreens/ScreenWindowTraits.kt:48:42 'fun replaceSystemWindowInsets(p0: Int, p1: Int, p2: Int, p3: Int): WindowInsetsCompat' is deprecated. Deprecated in Java.
w: file:///Users/moussa/Documents/NeoStream/node_modules/react-native-screens/android/src/main/java/com/swmansion/rnscreens/ScreenWindowTraits.kt:49:39 'val systemWindowInsetLeft: Int' is deprecated. Deprecated in Java.
w: file:///Users/moussa/Documents/NeoStream/node_modules/react-native-screens/android/src/main/java/com/swmansion/rnscreens/ScreenWindowTraits.kt:51:39 'val systemWindowInsetRight: Int' is deprecated. Deprecated in Java.
w: file:///Users/moussa/Documents/NeoStream/node_modules/react-native-screens/android/src/main/java/com/swmansion/rnscreens/ScreenWindowTraits.kt:52:39 'val systemWindowInsetBottom: Int' is deprecated. Deprecated in Java.
w: file:///Users/moussa/Documents/NeoStream/node_modules/react-native-screens/android/src/main/java/com/swmansion/rnscreens/ScreensShadowNode.kt:4:8 'class LayoutShadowNode : ReactShadowNodeImpl' is deprecated. Deprecated in Java.
w: file:///Users/moussa/Documents/NeoStream/node_modules/react-native-screens/android/src/main/java/com/swmansion/rnscreens/ScreensShadowNode.kt:5:8 'class NativeViewHierarchyManager : Any' is deprecated. Deprecated in Java.
w: file:///Users/moussa/Documents/NeoStream/node_modules/react-native-screens/android/src/main/java/com/swmansion/rnscreens/ScreensShadowNode.kt:6:8 'class NativeViewHierarchyOptimizer : Any' is deprecated. Deprecated in Java.
w: file:///Users/moussa/Documents/NeoStream/node_modules/react-native-screens/android/src/main/java/com/swmansion/rnscreens/ScreensShadowNode.kt:7:8 'class UIManagerModule : ReactContextBaseJavaModule, OnBatchCompleteListener, LifecycleEventListener, UIManager' is deprecated. Deprecated in Java.
w: file:///Users/moussa/Documents/NeoStream/node_modules/react-native-screens/android/src/main/java/com/swmansion/rnscreens/ScreensShadowNode.kt:11:5 'class LayoutShadowNode : ReactShadowNodeImpl' is deprecated. Deprecated in Java.
w: file:///Users/moussa/Documents/NeoStream/node_modules/react-native-screens/android/src/main/java/com/swmansion/rnscreens/ScreensShadowNode.kt:12:63 'class NativeViewHierarchyOptimizer : Any' is deprecated. Deprecated in Java.
w: file:///Users/moussa/Documents/NeoStream/node_modules/react-native-screens/android/src/main/java/com/swmansion/rnscreens/ScreensShadowNode.kt:14:34 'class UIManagerModule : ReactContextBaseJavaModule, OnBatchCompleteListener, LifecycleEventListener, UIManager' is deprecated. Deprecated in Java.
w: file:///Users/moussa/Documents/NeoStream/node_modules/react-native-screens/android/src/main/java/com/swmansion/rnscreens/ScreensShadowNode.kt:14:106 'class NativeViewHierarchyManager : Any' is deprecated. Deprecated in Java.
w: file:///Users/moussa/Documents/NeoStream/node_modules/react-native-screens/android/src/main/java/com/swmansion/rnscreens/bottomsheet/BottomSheetDialogRootView.kt:7:8 'object ReactFeatureFlags : Any' is deprecated. Use com.facebook.react.internal.featureflags.ReactNativeFeatureFlags instead.
w: file:///Users/moussa/Documents/NeoStream/node_modules/react-native-screens/android/src/main/java/com/swmansion/rnscreens/bottomsheet/BottomSheetDialogRootView.kt:25:13 'object ReactFeatureFlags : Any' is deprecated. Use com.facebook.react.internal.featureflags.ReactNativeFeatureFlags instead.
w: file:///Users/moussa/Documents/NeoStream/node_modules/react-native-screens/android/src/main/java/com/swmansion/rnscreens/bottomsheet/BottomSheetDialogRootView.kt:32:9 The corresponding parameter in the supertype 'ReactViewGroup' is named 'left'. This may cause problems when calling this function with named arguments.
w: file:///Users/moussa/Documents/NeoStream/node_modules/react-native-screens/android/src/main/java/com/swmansion/rnscreens/bottomsheet/BottomSheetDialogRootView.kt:33:9 The corresponding parameter in the supertype 'ReactViewGroup' is named 'top'. This may cause problems when calling this function with named arguments.
w: file:///Users/moussa/Documents/NeoStream/node_modules/react-native-screens/android/src/main/java/com/swmansion/rnscreens/bottomsheet/BottomSheetDialogRootView.kt:34:9 The corresponding parameter in the supertype 'ReactViewGroup' is named 'right'. This may cause problems when calling this function with named arguments.
w: file:///Users/moussa/Documents/NeoStream/node_modules/react-native-screens/android/src/main/java/com/swmansion/rnscreens/bottomsheet/BottomSheetDialogRootView.kt:35:9 The corresponding parameter in the supertype 'ReactViewGroup' is named 'bottom'. This may cause problems when calling this function with named arguments.
w: file:///Users/moussa/Documents/NeoStream/node_modules/react-native-screens/android/src/main/java/com/swmansion/rnscreens/bottomsheet/BottomSheetDialogRootView.kt:71:9 The corresponding parameter in the supertype 'RootView' is named 'childView'. This may cause problems when calling this function with named arguments.
w: file:///Users/moussa/Documents/NeoStream/node_modules/react-native-screens/android/src/main/java/com/swmansion/rnscreens/bottomsheet/BottomSheetDialogRootView.kt:72:9 The corresponding parameter in the supertype 'RootView' is named 'ev'. This may cause problems when calling this function with named arguments.
w: file:///Users/moussa/Documents/NeoStream/node_modules/react-native-screens/android/src/main/java/com/swmansion/rnscreens/bottomsheet/BottomSheetDialogRootView.kt:79:46 The corresponding parameter in the supertype 'RootView' is named 'ev'. This may cause problems when calling this function with named arguments.
w: file:///Users/moussa/Documents/NeoStream/node_modules/react-native-screens/android/src/main/java/com/swmansion/rnscreens/bottomsheet/BottomSheetDialogRootView.kt:83:9 The corresponding parameter in the supertype 'RootView' is named 'childView'. This may cause problems when calling this function with named arguments.
w: file:///Users/moussa/Documents/NeoStream/node_modules/react-native-screens/android/src/main/java/com/swmansion/rnscreens/bottomsheet/BottomSheetDialogRootView.kt:84:9 The corresponding parameter in the supertype 'RootView' is named 'ev'. This may cause problems when calling this function with named arguments.
w: file:///Users/moussa/Documents/NeoStream/node_modules/react-native-screens/android/src/main/java/com/swmansion/rnscreens/bottomsheet/BottomSheetDialogRootView.kt:95:34 The corresponding parameter in the supertype 'RootView' is named 't'. This may cause problems when calling this function with named arguments.
w: file:///Users/moussa/Documents/NeoStream/node_modules/react-native-screens/android/src/main/java/com/swmansion/rnscreens/bottomsheet/DimmingView.kt:63:9 The corresponding parameter in the supertype 'ReactCompoundView' is named 'touchX'. This may cause problems when calling this function with named arguments.
w: file:///Users/moussa/Documents/NeoStream/node_modules/react-native-screens/android/src/main/java/com/swmansion/rnscreens/bottomsheet/DimmingView.kt:64:9 The corresponding parameter in the supertype 'ReactCompoundView' is named 'touchY'. This may cause problems when calling this function with named arguments.
w: file:///Users/moussa/Documents/NeoStream/node_modules/react-native-screens/android/src/main/java/com/swmansion/rnscreens/bottomsheet/DimmingView.kt:68:9 The corresponding parameter in the supertype 'ReactCompoundViewGroup' is named 'touchX'. This may cause problems when calling this function with named arguments.
w: file:///Users/moussa/Documents/NeoStream/node_modules/react-native-screens/android/src/main/java/com/swmansion/rnscreens/bottomsheet/DimmingView.kt:69:9 The corresponding parameter in the supertype 'ReactCompoundViewGroup' is named 'touchY'. This may cause problems when calling this function with named arguments.
w: file:///Users/moussa/Documents/NeoStream/node_modules/react-native-screens/android/src/main/java/com/swmansion/rnscreens/gamma/tabs/TabsHostViewManager.kt:37:9 The corresponding parameter in the supertype 'TabsHostViewManager' is named 'view'. This may cause problems when calling this function with named arguments.
w: file:///Users/moussa/Documents/NeoStream/node_modules/react-native-screens/android/src/main/java/com/swmansion/rnscreens/safearea/SafeAreaView.kt:18:8 'class UIManagerModule : ReactContextBaseJavaModule, OnBatchCompleteListener, LifecycleEventListener, UIManager' is deprecated. Deprecated in Java.
w: file:///Users/moussa/Documents/NeoStream/node_modules/react-native-screens/android/src/main/java/com/swmansion/rnscreens/safearea/SafeAreaView.kt:176:58 'class UIManagerModule : ReactContextBaseJavaModule, OnBatchCompleteListener, LifecycleEventListener, UIManager' is deprecated. Deprecated in Java.
w: file:///Users/moussa/Documents/NeoStream/node_modules/react-native-screens/android/src/main/java/com/swmansion/rnscreens/safearea/SafeAreaView.kt:183:31 'val uiImplementation: UIImplementation!' is deprecated. Deprecated in Java.
w: file:///Users/moussa/Documents/NeoStream/node_modules/react-native-screens/android/src/main/java/com/swmansion/rnscreens/safearea/paper/SafeAreaViewShadowNode.kt:7:8 'class LayoutShadowNode : ReactShadowNodeImpl' is deprecated. Deprecated in Java.
w: file:///Users/moussa/Documents/NeoStream/node_modules/react-native-screens/android/src/main/java/com/swmansion/rnscreens/safearea/paper/SafeAreaViewShadowNode.kt:8:8 'class NativeViewHierarchyOptimizer : Any' is deprecated. Deprecated in Java.
w: file:///Users/moussa/Documents/NeoStream/node_modules/react-native-screens/android/src/main/java/com/swmansion/rnscreens/safearea/paper/SafeAreaViewShadowNode.kt:14:32 'class LayoutShadowNode : ReactShadowNodeImpl' is deprecated. Deprecated in Java.
w: file:///Users/moussa/Documents/NeoStream/node_modules/react-native-screens/android/src/main/java/com/swmansion/rnscreens/safearea/paper/SafeAreaViewShadowNode.kt:83:63 'class NativeViewHierarchyOptimizer : Any' is deprecated. Deprecated in Java.

> Task :app:buildCMakeDebug[arm64-v8a]
> Task :react-native-gesture-handler:compileDebugJavaWithJavac
> Task :react-native-gesture-handler:bundleLibCompileToJarDebug
> Task :react-native-safe-area-context:compileDebugJavaWithJavac
> Task :react-native-safe-area-context:bundleLibCompileToJarDebug
> Task :react-native-screens:compileDebugJavaWithJavac
> Task :react-native-screens:bundleLibCompileToJarDebug

> Task :react-native-video:compileDebugJavaWithJavac

> Task :react-native-safe-area-context:bundleLibRuntimeToJarDebug
> Task :react-native-gesture-handler:processDebugJavaRes
> Task :react-native-gesture-handler:bundleLibRuntimeToJarDebug
> Task :react-native-video:bundleLibRuntimeToJarDebug
> Task :react-native-safe-area-context:processDebugJavaRes
> Task :react-native-video:bundleLibCompileToJarDebug
> Task :react-native-screens:processDebugJavaRes
> Task :react-native-screens:bundleLibRuntimeToJarDebug
> Task :react-native-video:processDebugJavaRes
> Task :react-native-safe-area-context:bundleLibRuntimeToDirDebug
> Task :react-native-video:bundleLibRuntimeToDirDebug
> Task :react-native-gesture-handler:bundleLibRuntimeToDirDebug
> Task :react-native-screens:bundleLibRuntimeToDirDebug
> Task :app:compileDebugKotlin
> Task :app:configureCMakeDebug[armeabi-v7a]
> Task :app:compileDebugJavaWithJavac
> Task :app:dexBuilderDebug
> Task :app:processDebugJavaRes
> Task :app:mergeDebugGlobalSynthetics
> Task :app:mergeProjectDexDebug
> Task :app:mergeDebugJavaResource
> Task :app:buildCMakeDebug[armeabi-v7a]
> Task :app:mergeLibDexDebug
> Task :app:configureCMakeDebug[x86]
> Task :app:buildCMakeDebug[x86]
> Task :app:configureCMakeDebug[x86_64]
> Task :app:buildCMakeDebug[x86_64]
> Task :app:mergeDebugJniLibFolders
> Task :react-native-async-storage_async-storage:mergeDebugJniLibFolders
> Task :react-native-async-storage_async-storage:mergeDebugNativeLibs NO-SOURCE
> Task :react-native-async-storage_async-storage:copyDebugJniLibsProjectOnly
> Task :react-native-gesture-handler:configureCMakeDebug[arm64-v8a]
> Task :react-native-gesture-handler:buildCMakeDebug[arm64-v8a]
> Task :react-native-gesture-handler:configureCMakeDebug[armeabi-v7a]
> Task :react-native-gesture-handler:buildCMakeDebug[armeabi-v7a]
> Task :react-native-gesture-handler:configureCMakeDebug[x86]
> Task :react-native-gesture-handler:buildCMakeDebug[x86]
> Task :react-native-gesture-handler:configureCMakeDebug[x86_64]
> Task :react-native-gesture-handler:buildCMakeDebug[x86_64]
> Task :react-native-gesture-handler:mergeDebugJniLibFolders
> Task :react-native-linear-gradient:mergeDebugJniLibFolders
> Task :react-native-linear-gradient:mergeDebugNativeLibs NO-SOURCE
> Task :react-native-linear-gradient:copyDebugJniLibsProjectOnly
> Task :react-native-safe-area-context:mergeDebugJniLibFolders
> Task :react-native-safe-area-context:mergeDebugNativeLibs NO-SOURCE
> Task :react-native-safe-area-context:copyDebugJniLibsProjectOnly
> Task :react-native-screens:configureCMakeDebug[arm64-v8a]
> Task :react-native-gesture-handler:mergeDebugNativeLibs
> Task :react-native-screens:buildCMakeDebug[arm64-v8a]
> Task :react-native-screens:configureCMakeDebug[armeabi-v7a]
> Task :react-native-gesture-handler:copyDebugJniLibsProjectOnly
> Task :react-native-screens:buildCMakeDebug[armeabi-v7a]
> Task :react-native-screens:configureCMakeDebug[x86]
> Task :react-native-screens:buildCMakeDebug[x86]
> Task :react-native-screens:configureCMakeDebug[x86_64]
> Task :react-native-screens:buildCMakeDebug[x86_64]
> Task :react-native-screens:mergeDebugJniLibFolders
> Task :react-native-vector-icons:mergeDebugJniLibFolders
> Task :react-native-vector-icons:mergeDebugNativeLibs NO-SOURCE
> Task :react-native-vector-icons:copyDebugJniLibsProjectOnly
> Task :react-native-video:mergeDebugJniLibFolders
> Task :react-native-video:mergeDebugNativeLibs NO-SOURCE
> Task :react-native-video:copyDebugJniLibsProjectOnly
> Task :app:validateSigningDebug
> Task :app:writeDebugAppMetadata
> Task :app:writeDebugSigningConfigVersions
> Task :react-native-screens:mergeDebugNativeLibs
> Task :react-native-screens:copyDebugJniLibsProjectOnly
> Task :app:mergeDebugNativeLibs
> Task :app:stripDebugDebugSymbols
> Task :app:packageDebug
> Task :app:createDebugApkListingFileRedirect

> Task :app:installDebug
Installing APK 'app-debug.apk' on 'Television_1080p(AVD) - 16' for :app:debug
Installed on 1 device.

[Incubating] Problems report is available at: file:///Users/moussa/Documents/NeoStream/android/build/reports/problems/problems-report.html

Deprecated Gradle features were used in this build, making it incompatible with Gradle 10.

You can use '--warning-mode all' to show the individual deprecation warnings and determine if they come from your own scripts or plugins.

For more on this, please refer to https://docs.gradle.org/9.0.0/userguide/command_line_interface.html#sec:command_line_warnings in the Gradle documentation.

BUILD SUCCESSFUL in 1m 26s
228 actionable tasks: 218 executed, 10 up-to-date
Consider enabling configuration cache to speed up this build: https://docs.gradle.org/9.0.0/userguide/configuration_cache_enabling.html
info Connecting to the development server...
info Starting the app on "emulator-5554"...
Starting: Intent { act=android.intent.action.MAIN cat=[android.intent.category.LAUNCHER] cmp=com.neostream/.MainActivity }
